0 info it worked if it ends with ok
1 verbose cli [ '/Users/Greg/.nvm/versions/node/v6.17.1/bin/node',
1 verbose cli   '/Users/Greg/.nvm/versions/node/v6.17.1/bin/npm',
1 verbose cli   'install',
1 verbose cli   'uikit@dev' ]
2 info using npm@3.10.10
3 info using node@v6.17.1
4 silly loadCurrentTree Starting
5 silly install loadCurrentTree
6 silly install readLocalPackageData
7 silly fetchPackageMetaData uikit@dev
8 silly fetchNamedPackageData uikit
9 silly mapToRegistry name uikit
10 silly mapToRegistry using default registry
11 silly mapToRegistry registry https://registry.npmjs.org/
12 silly mapToRegistry data Result {
12 silly mapToRegistry   raw: 'uikit',
12 silly mapToRegistry   scope: null,
12 silly mapToRegistry   escapedName: 'uikit',
12 silly mapToRegistry   name: 'uikit',
12 silly mapToRegistry   rawSpec: '',
12 silly mapToRegistry   spec: 'latest',
12 silly mapToRegistry   type: 'tag' }
13 silly mapToRegistry uri https://registry.npmjs.org/uikit
14 verbose request uri https://registry.npmjs.org/uikit
15 verbose request no auth needed
16 info attempt registry request try #1 at 08:52:19
17 verbose request id 995822890133347c
18 verbose etag W/"880f6e493173a6b75ebfc56a687e4ced"
19 verbose lastModified Fri, 24 Jan 2020 16:19:28 GMT
20 http request GET https://registry.npmjs.org/uikit
21 http 200 https://registry.npmjs.org/uikit
22 verbose headers { date: 'Thu, 13 Feb 2020 07:52:19 GMT',
22 verbose headers   'content-type': 'application/json',
22 verbose headers   'transfer-encoding': 'chunked',
22 verbose headers   connection: 'keep-alive',
22 verbose headers   'set-cookie': [ '__cfduid=d7414f5de4c9feb9d75cd5465065d3c1d1581580339; expires=Sat, 14-Mar-20 07:52:19 GMT; path=/; domain=.npmjs.org; HttpOnly; SameSite=Lax' ],
22 verbose headers   'cf-ray': '564538e2deed3c51-CDG',
22 verbose headers   age: '4756',
22 verbose headers   'cache-control': 'public, max-age=300',
22 verbose headers   etag: 'W/"4314c245fcfa784a9a5e9ec273e8acbf"',
22 verbose headers   'last-modified': 'Thu, 06 Feb 2020 08:46:27 GMT',
22 verbose headers   vary: 'accept-encoding, accept',
22 verbose headers   'cf-cache-status': 'HIT',
22 verbose headers   'expect-ct': 'max-age=604800, report-uri="https://report-uri.cloudflare.com/cdn-cgi/beacon/expect-ct"',
22 verbose headers   server: 'cloudflare',
22 verbose headers   'content-encoding': 'gzip' }
23 silly get cb [ 200,
23 silly get   { date: 'Thu, 13 Feb 2020 07:52:19 GMT',
23 silly get     'content-type': 'application/json',
23 silly get     'transfer-encoding': 'chunked',
23 silly get     connection: 'keep-alive',
23 silly get     'set-cookie': [ '__cfduid=d7414f5de4c9feb9d75cd5465065d3c1d1581580339; expires=Sat, 14-Mar-20 07:52:19 GMT; path=/; domain=.npmjs.org; HttpOnly; SameSite=Lax' ],
23 silly get     'cf-ray': '564538e2deed3c51-CDG',
23 silly get     age: '4756',
23 silly get     'cache-control': 'public, max-age=300',
23 silly get     etag: 'W/"4314c245fcfa784a9a5e9ec273e8acbf"',
23 silly get     'last-modified': 'Thu, 06 Feb 2020 08:46:27 GMT',
23 silly get     vary: 'accept-encoding, accept',
23 silly get     'cf-cache-status': 'HIT',
23 silly get     'expect-ct': 'max-age=604800, report-uri="https://report-uri.cloudflare.com/cdn-cgi/beacon/expect-ct"',
23 silly get     server: 'cloudflare',
23 silly get     'content-encoding': 'gzip' } ]
24 verbose get saving uikit to /Users/Greg/.npm/registry.npmjs.org/uikit/.cache.json
25 verbose correctMkdir /Users/Greg/.npm correctMkdir not in flight; initializing
26 silly install normalizeTree
27 silly loadCurrentTree Finishing
28 silly loadIdealTree Starting
29 silly install loadIdealTree
30 silly cloneCurrentTree Starting
31 silly install cloneCurrentTreeToIdealTree
32 silly cloneCurrentTree Finishing
33 silly loadShrinkwrap Starting
34 silly install loadShrinkwrap
35 silly loadShrinkwrap Finishing
36 silly loadAllDepsIntoIdealTree Starting
37 silly install loadAllDepsIntoIdealTree
38 silly rollbackFailedOptional Starting
39 silly rollbackFailedOptional Finishing
40 silly runTopLevelLifecycles Finishing
41 silly install printInstalled
42 verbose stack Error: Refusing to install uikit as a dependency of itself
42 verbose stack     at checkSelf (/Users/Greg/.nvm/versions/node/v6.17.1/lib/node_modules/npm/lib/install/validate-args.js:53:14)
42 verbose stack     at Array.<anonymous> (/Users/Greg/.nvm/versions/node/v6.17.1/lib/node_modules/npm/node_modules/slide/lib/bind-actor.js:15:8)
42 verbose stack     at LOOP (/Users/Greg/.nvm/versions/node/v6.17.1/lib/node_modules/npm/node_modules/slide/lib/chain.js:15:14)
42 verbose stack     at chain (/Users/Greg/.nvm/versions/node/v6.17.1/lib/node_modules/npm/node_modules/slide/lib/chain.js:20:5)
42 verbose stack     at /Users/Greg/.nvm/versions/node/v6.17.1/lib/node_modules/npm/lib/install/validate-args.js:16:5
42 verbose stack     at /Users/Greg/.nvm/versions/node/v6.17.1/lib/node_modules/npm/node_modules/slide/lib/async-map.js:52:35
42 verbose stack     at Array.forEach (native)
42 verbose stack     at /Users/Greg/.nvm/versions/node/v6.17.1/lib/node_modules/npm/node_modules/slide/lib/async-map.js:52:11
42 verbose stack     at Array.forEach (native)
42 verbose stack     at asyncMap (/Users/Greg/.nvm/versions/node/v6.17.1/lib/node_modules/npm/node_modules/slide/lib/async-map.js:51:8)
43 verbose cwd /Users/Greg/Sites/uikit
44 error Darwin 17.7.0
45 error argv "/Users/Greg/.nvm/versions/node/v6.17.1/bin/node" "/Users/Greg/.nvm/versions/node/v6.17.1/bin/npm" "install" "uikit@dev"
46 error node v6.17.1
47 error npm  v3.10.10
48 error code ENOSELF
49 error Refusing to install uikit as a dependency of itself
50 error If you need help, you may report this error at:
50 error     <https://github.com/npm/npm/issues>
51 verbose exit [ 1, true ]
